\BOOKMARK [0][-]{chapter.1}{1 Introduction}{}% 1
\BOOKMARK [1][-]{section.1.1}{1.1 Expected Background Knowledge}{chapter.1}% 2
\BOOKMARK [1][-]{section.1.2}{1.2 How to Use This Document}{chapter.1}% 3
\BOOKMARK [1][-]{section.1.3}{1.3 BUENOS for teachers}{chapter.1}% 4
\BOOKMARK [2][-]{subsection.1.3.1}{1.3.1 Preparing for BUENOS Course}{section.1.3}% 5
\BOOKMARK [1][-]{section.1.4}{1.4 Exercises}{chapter.1}% 6
\BOOKMARK [1][-]{section.1.5}{1.5 Contact Information}{chapter.1}% 7
\BOOKMARK [0][-]{chapter.2}{2 Using Buenos}{}% 8
\BOOKMARK [1][-]{section.2.1}{2.1 Installation and Requirements}{chapter.2}% 9
\BOOKMARK [1][-]{section.2.2}{2.2 Compilation}{chapter.2}% 10
\BOOKMARK [1][-]{section.2.3}{2.3 Booting the System}{chapter.2}% 11
\BOOKMARK [1][-]{section.2.4}{2.4 Compiling Userland Programs}{chapter.2}% 12
\BOOKMARK [1][-]{section.2.5}{2.5 Using the Makefiles}{chapter.2}% 13
\BOOKMARK [2][-]{subsection.2.5.1}{2.5.1 System Makefile}{section.2.5}% 14
\BOOKMARK [2][-]{subsection.2.5.2}{2.5.2 Userland Makefile}{section.2.5}% 15
\BOOKMARK [1][-]{section.2.6}{2.6 Using Trivial Filesystem}{chapter.2}% 16
\BOOKMARK [1][-]{section.2.7}{2.7 Starting Processes}{chapter.2}% 17
\BOOKMARK [0][-]{chapter.3}{3 Kernel Overview}{}% 18
\BOOKMARK [1][-]{section.3.1}{3.1 Directory Structure}{chapter.3}% 19
\BOOKMARK [1][-]{section.3.2}{3.2 Kernel Architecture}{chapter.3}% 20
\BOOKMARK [2][-]{subsection.3.2.1}{3.2.1 Threading}{section.3.2}% 21
\BOOKMARK [2][-]{subsection.3.2.2}{3.2.2 Virtual Memory}{section.3.2}% 22
\BOOKMARK [2][-]{subsection.3.2.3}{3.2.3 Support for Multiple Processors}{section.3.2}% 23
\BOOKMARK [1][-]{section.3.3}{3.3 Kernel Programming}{chapter.3}% 24
\BOOKMARK [2][-]{subsection.3.3.1}{3.3.1 Memory Usage}{section.3.3}% 25
\BOOKMARK [2][-]{subsection.3.3.2}{3.3.2 Stacks and Contexts}{section.3.3}% 26
\BOOKMARK [2][-]{subsection.3.3.3}{3.3.3 Library Functions}{section.3.3}% 27
\BOOKMARK [2][-]{subsection.3.3.4}{3.3.4 Using a Console}{section.3.3}% 28
\BOOKMARK [2][-]{subsection.3.3.5}{3.3.5 Busy Waiting}{section.3.3}% 29
\BOOKMARK [2][-]{subsection.3.3.6}{3.3.6 Floating Point Numbers}{section.3.3}% 30
\BOOKMARK [2][-]{subsection.3.3.7}{3.3.7 Naming Conventions}{section.3.3}% 31
\BOOKMARK [2][-]{subsection.3.3.8}{3.3.8 Debug Printing}{section.3.3}% 32
\BOOKMARK [2][-]{subsection.3.3.9}{3.3.9 C Calling Conventions}{section.3.3}% 33
\BOOKMARK [2][-]{subsection.3.3.10}{3.3.10 Kernel Boot Arguments}{section.3.3}% 34
\BOOKMARK [1][-]{subsection.3.3.10}{Exercises}{chapter.3}% 35
\BOOKMARK [0][-]{chapter.4}{4 Threading and Scheduling}{}% 36
\BOOKMARK [1][-]{section.4.1}{4.1 Threads}{chapter.4}% 37
\BOOKMARK [2][-]{subsection.4.1.1}{4.1.1 Thread Table}{section.4.1}% 38
\BOOKMARK [2][-]{subsection.4.1.2}{4.1.2 Thread Library}{section.4.1}% 39
\BOOKMARK [1][-]{section.4.2}{4.2 Scheduler}{chapter.4}% 40
\BOOKMARK [2][-]{subsection.4.2.1}{4.2.1 Idle thread}{section.4.2}% 41
\BOOKMARK [1][-]{section.4.3}{4.3 Context Switch}{chapter.4}% 42
\BOOKMARK [2][-]{subsection.4.3.1}{4.3.1 Interrupt Vectors}{section.4.3}% 43
\BOOKMARK [2][-]{subsection.4.3.2}{4.3.2 Context Switching Code}{section.4.3}% 44
\BOOKMARK [2][-]{subsection.4.3.3}{4.3.3 Thread Contexts}{section.4.3}% 45
\BOOKMARK [1][-]{section.4.4}{4.4 Exception Processing in Kernel Mode}{chapter.4}% 46
\BOOKMARK [1][-]{Item.30}{Exercises}{chapter.4}% 47
\BOOKMARK [0][-]{chapter.5}{5 Synchronization Mechanisms}{}% 48
\BOOKMARK [1][-]{section.5.1}{5.1 Spinlocks}{chapter.5}% 49
\BOOKMARK [2][-]{subsection.5.1.1}{5.1.1 LL and SC Instructions}{section.5.1}% 50
\BOOKMARK [2][-]{subsection.5.1.2}{5.1.2 Spinlock Implementation}{section.5.1}% 51
\BOOKMARK [1][-]{section.5.2}{5.2 Sleep Queue}{chapter.5}% 52
\BOOKMARK [2][-]{subsection.5.2.1}{5.2.1 Using the Sleep Queue}{section.5.2}% 53
\BOOKMARK [2][-]{subsection.5.2.2}{5.2.2 How the Sleep Queue is Implemented}{section.5.2}% 54
\BOOKMARK [1][-]{section.5.3}{5.3 Semaphores}{chapter.5}% 55
\BOOKMARK [2][-]{subsection.5.3.1}{5.3.1 Semaphore Implementation}{section.5.3}% 56
\BOOKMARK [1][-]{Item.76}{Exercises}{chapter.5}% 57
\BOOKMARK [0][-]{chapter.6}{6 Userland Processes}{}% 58
\BOOKMARK [1][-]{section.6.1}{6.1 Process Startup}{chapter.6}% 59
\BOOKMARK [1][-]{section.6.2}{6.2 Userland Binary Format}{chapter.6}% 60
\BOOKMARK [1][-]{section.6.3}{6.3 Exception Handling}{chapter.6}% 61
\BOOKMARK [1][-]{section.6.4}{6.4 System Calls}{chapter.6}% 62
\BOOKMARK [2][-]{subsection.6.4.1}{6.4.1 How System Calls Work}{section.6.4}% 63
\BOOKMARK [2][-]{subsection.6.4.2}{6.4.2 System Calls in BUENOS}{section.6.4}% 64
\BOOKMARK [1][-]{section*.47}{Exercises}{chapter.6}% 65
\BOOKMARK [0][-]{chapter.7}{7 Virtual Memory}{}% 66
\BOOKMARK [1][-]{section.7.1}{7.1 Hardware Support for Virtual Memory}{chapter.7}% 67
\BOOKMARK [1][-]{section.7.2}{7.2 Virtual memory initialization}{chapter.7}% 68
\BOOKMARK [1][-]{section.7.3}{7.3 Page Pool}{chapter.7}% 69
\BOOKMARK [1][-]{section.7.4}{7.4 Pagetables and Memory Mapping}{chapter.7}% 70
\BOOKMARK [1][-]{section.7.5}{7.5 TLB}{chapter.7}% 71
\BOOKMARK [2][-]{subsection.7.5.1}{7.5.1 TLB dual entries and ASID in MIPS32 architectures}{section.7.5}% 72
\BOOKMARK [2][-]{subsection.7.5.2}{7.5.2 TLB miss exception, Load reference}{section.7.5}% 73
\BOOKMARK [2][-]{subsection.7.5.3}{7.5.3 TLB miss exception, Store reference}{section.7.5}% 74
\BOOKMARK [2][-]{subsection.7.5.4}{7.5.4 TLB modified exception}{section.7.5}% 75
\BOOKMARK [2][-]{subsection.7.5.5}{7.5.5 TLB wrapper functions in BUENOS}{section.7.5}% 76
\BOOKMARK [1][-]{Item.156}{Exercises}{chapter.7}% 77
\BOOKMARK [0][-]{chapter.8}{8 Filesystem}{}% 78
\BOOKMARK [1][-]{section.8.1}{8.1 Filesystem Conventions}{chapter.8}% 79
\BOOKMARK [1][-]{section.8.2}{8.2 Filesystem Layers}{chapter.8}% 80
\BOOKMARK [1][-]{section.8.3}{8.3 Virtual Filesystem}{chapter.8}% 81
\BOOKMARK [2][-]{subsection.8.3.1}{8.3.1 Return Values}{section.8.3}% 82
\BOOKMARK [2][-]{subsection.8.3.2}{8.3.2 Limits}{section.8.3}% 83
\BOOKMARK [2][-]{subsection.8.3.3}{8.3.3 Internal Data Structures}{section.8.3}% 84
\BOOKMARK [2][-]{subsection.8.3.4}{8.3.4 VFS Operations}{section.8.3}% 85
\BOOKMARK [2][-]{subsection.8.3.5}{8.3.5 File Operations}{section.8.3}% 86
\BOOKMARK [2][-]{subsection.8.3.6}{8.3.6 Filesystem Operations}{section.8.3}% 87
\BOOKMARK [2][-]{subsection.8.3.7}{8.3.7 Filesystem Driver Interface}{section.8.3}% 88
\BOOKMARK [1][-]{section.8.4}{8.4 Trivial Filesystem}{chapter.8}% 89
\BOOKMARK [2][-]{subsection.8.4.1}{8.4.1 TFS Driver Module}{section.8.4}% 90
\BOOKMARK [1][-]{Item.337}{Exercises}{chapter.8}% 91
\BOOKMARK [0][-]{chapter.9}{9 Networking}{}% 92
\BOOKMARK [1][-]{section.9.1}{9.1 Network Services}{chapter.9}% 93
\BOOKMARK [1][-]{section.9.2}{9.2 Packet Oriented Transport Protocol}{chapter.9}% 94
\BOOKMARK [2][-]{subsection.9.2.1}{9.2.1 Sockets}{section.9.2}% 95
\BOOKMARK [2][-]{subsection.9.2.2}{9.2.2 POP-Specific Structures and Functions}{section.9.2}% 96
\BOOKMARK [1][-]{section.9.3}{9.3 Stream Oriented Protocol API}{chapter.9}% 97
\BOOKMARK [1][-]{section*.121}{Exercises}{chapter.9}% 98
\BOOKMARK [0][-]{chapter.10}{10 Device Drivers}{}% 99
\BOOKMARK [1][-]{section.10.1}{10.1 Interrupt Handlers}{chapter.10}% 100
\BOOKMARK [1][-]{section.10.2}{10.2 Device Abstraction Layers}{chapter.10}% 101
\BOOKMARK [2][-]{subsection.10.2.1}{10.2.1 Device Driver Implementor's Checklist}{section.10.2}% 102
\BOOKMARK [2][-]{subsection.10.2.2}{10.2.2 Device Driver Interface}{section.10.2}% 103
\BOOKMARK [2][-]{subsection.10.2.3}{10.2.3 Generic Character Device}{section.10.2}% 104
\BOOKMARK [2][-]{subsection.10.2.4}{10.2.4 Generic Block Device}{section.10.2}% 105
\BOOKMARK [2][-]{subsection.10.2.5}{10.2.5 Generic Network Device}{section.10.2}% 106
\BOOKMARK [1][-]{section.10.3}{10.3 Drivers}{chapter.10}% 107
\BOOKMARK [2][-]{subsection.10.3.1}{10.3.1 Polling TTY driver}{section.10.3}% 108
\BOOKMARK [2][-]{subsection.10.3.2}{10.3.2 Interrupt driven TTY driver}{section.10.3}% 109
\BOOKMARK [2][-]{subsection.10.3.3}{10.3.3 Network driver}{section.10.3}% 110
\BOOKMARK [2][-]{subsection.10.3.4}{10.3.4 Disk driver}{section.10.3}% 111
\BOOKMARK [2][-]{subsection.10.3.5}{10.3.5 Timer driver}{section.10.3}% 112
\BOOKMARK [2][-]{subsection.10.3.6}{10.3.6 Metadevice Drivers}{section.10.3}% 113
\BOOKMARK [1][-]{section*.160}{Exercises}{chapter.10}% 114
\BOOKMARK [0][-]{chapter.11}{11 Booting and Initializing Hardware}{}% 115
\BOOKMARK [1][-]{section.11.1}{11.1 In the Beginning There was \137boot.S \203}{chapter.11}% 116
\BOOKMARK [1][-]{section.11.2}{11.2 Hardware and Kernel Initialization}{chapter.11}% 117
\BOOKMARK [1][-]{section.11.3}{11.3 System Start-up}{chapter.11}% 118
\BOOKMARK [0][-]{appendix.A}{A Kernel Boot Arguments}{}% 119
\BOOKMARK [0][-]{appendix.B}{B Kernel Configuration Settings}{}% 120
\BOOKMARK [0][-]{appendix.C}{C Example YAMS Configurations}{}% 121
\BOOKMARK [1][-]{section.C.1}{C.1 Disk}{appendix.C}% 122
\BOOKMARK [0][-]{section*.177}{Bibliography}{}% 123
\BOOKMARK [0][-]{section*.179}{Index}{}% 124
